The system is: Linux - 4.10.0-42-generic - x86_64
Compiling the C compiler identification source file "CMakeCCompilerId.c" succeeded.
Compiler: /usr/bin/cc 
Build flags: 
Id flags: 

The output was:
0


Compilation of the C compiler identification source "CMakeCCompilerId.c" produced "a.out"

The C compiler identification is GNU, found in "/home/sebastian/Programming/rip/CMakeFiles/3.5.1/CompilerIdC/a.out"

Compiling the CXX compiler identification source file "CMakeCXXCompilerId.cpp" succeeded.
Compiler: /usr/bin/c++ 
Build flags: 
Id flags: 

The output was:
0


Compilation of the CXX compiler identification source "CMakeCXXCompilerId.cpp" produced "a.out"

The CXX compiler identification is GNU, found in "/home/sebastian/Programming/rip/CMakeFiles/3.5.1/CompilerIdCXX/a.out"

Determining if the C compiler works passed with the following output:
Change Dir: /home/sebastian/Programming/rip/CMakeFiles/CMakeTmp

Run Build Command:"/usr/bin/make" "cmTC_5ecd2/fast"
/usr/bin/make -f CMakeFiles/cmTC_5ecd2.dir/build.make CMakeFiles/cmTC_5ecd2.dir/build
make[1]: Entering directory '/home/sebastian/Programming/rip/CMakeFiles/CMakeTmp'
Building C object CMakeFiles/cmTC_5ecd2.dir/testCCompiler.c.o
/usr/bin/cc     -o CMakeFiles/cmTC_5ecd2.dir/testCCompiler.c.o   -c /home/sebastian/Programming/rip/CMakeFiles/CMakeTmp/testCCompiler.c
Linking C executable cmTC_5ecd2
/usr/bin/cmake -E cmake_link_script CMakeFiles/cmTC_5ecd2.dir/link.txt --verbose=1
/usr/bin/cc       CMakeFiles/cmTC_5ecd2.dir/testCCompiler.c.o  -o cmTC_5ecd2 -rdynamic 
make[1]: Leaving directory '/home/sebastian/Programming/rip/CMakeFiles/CMakeTmp'


Detecting C compiler ABI info compiled with the following output:
Change Dir: /home/sebastian/Programming/rip/CMakeFiles/CMakeTmp

Run Build Command:"/usr/bin/make" "cmTC_aa738/fast"
/usr/bin/make -f CMakeFiles/cmTC_aa738.dir/build.make CMakeFiles/cmTC_aa738.dir/build
make[1]: Entering directory '/home/sebastian/Programming/rip/CMakeFiles/CMakeTmp'
Building C object CMakeFiles/cmTC_aa738.dir/CMakeCCompilerABI.c.o
/usr/bin/cc     -o CMakeFiles/cmTC_aa738.dir/CMakeCCompilerABI.c.o   -c /usr/share/cmake-3.5/Modules/CMakeCCompilerABI.c
Linking C executable cmTC_aa738
/usr/bin/cmake -E cmake_link_script CMakeFiles/cmTC_aa738.dir/link.txt --verbose=1
/usr/bin/cc      -v CMakeFiles/cmTC_aa738.dir/CMakeCCompilerABI.c.o  -o cmTC_aa738 -rdynamic  
Using built-in specs.
COLLECT_GCC=/usr/bin/cc
COLLECT_LTO_WRAPPER=/usr/lib/gcc/x86_64-linux-gnu/5/lto-wrapper
Target: x86_64-linux-gnu
Configured with: ../src/configure -v --with-pkgversion='Ubuntu 5.4.0-6ubuntu1~16.04.10' --with-bugurl=file:///usr/share/doc/gcc-5/README.Bugs --enable-languages=c,ada,c++,java,go,d,fortran,objc,obj-c++ --prefix=/usr --program-suffix=-5 --enable-shared --enable-linker-build-id --libexecdir=/usr/lib --without-included-gettext --enable-threads=posix --libdir=/usr/lib --enable-nls --with-sysroot=/ --enable-clocale=gnu --enable-libstdcxx-debug --enable-libstdcxx-time=yes --with-default-libstdcxx-abi=new --enable-gnu-unique-object --disable-vtable-verify --enable-libmpx --enable-plugin --with-system-zlib --disable-browser-plugin --enable-java-awt=gtk --enable-gtk-cairo --with-java-home=/usr/lib/jvm/java-1.5.0-gcj-5-amd64/jre --enable-java-home --with-jvm-root-dir=/usr/lib/jvm/java-1.5.0-gcj-5-amd64 --with-jvm-jar-dir=/usr/lib/jvm-exports/java-1.5.0-gcj-5-amd64 --with-arch-directory=amd64 --with-ecj-jar=/usr/share/java/eclipse-ecj.jar --enable-objc-gc --enable-multiarch --disable-werror --with-arch-32=i686 --with-abi=m64 --with-multilib-list=m32,m64,mx32 --enable-multilib --with-tune=generic --enable-checking=release --build=x86_64-linux-gnu --host=x86_64-linux-gnu --target=x86_64-linux-gnu
Thread model: posix
gcc version 5.4.0 20160609 (Ubuntu 5.4.0-6ubuntu1~16.04.10) 
COMPILER_PATH=/usr/lib/gcc/x86_64-linux-gnu/5/:/usr/lib/gcc/x86_64-linux-gnu/5/:/usr/lib/gcc/x86_64-linux-gnu/:/usr/lib/gcc/x86_64-linux-gnu/5/:/usr/lib/gcc/x86_64-linux-gnu/
LIBRARY_PATH=/usr/lib/gcc/x86_64-linux-gnu/5/:/usr/lib/gcc/x86_64-linux-gnu/5/../../../x86_64-linux-gnu/:/usr/lib/gcc/x86_64-linux-gnu/5/../../../../lib/:/lib/x86_64-linux-gnu/:/lib/../lib/:/usr/lib/x86_64-linux-gnu/:/usr/lib/../lib/:/usr/lib/gcc/x86_64-linux-gnu/5/../../../:/lib/:/usr/lib/
COLLECT_GCC_OPTIONS='-v' '-o' 'cmTC_aa738' '-rdynamic' '-mtune=generic' '-march=x86-64'
 /usr/lib/gcc/x86_64-linux-gnu/5/collect2 -plugin /usr/lib/gcc/x86_64-linux-gnu/5/liblto_plugin.so -plugin-opt=/usr/lib/gcc/x86_64-linux-gnu/5/lto-wrapper -plugin-opt=-fresolution=/tmp/ccqwnEhb.res -plugin-opt=-pass-through=-lgcc -plugin-opt=-pass-through=-lgcc_s -plugin-opt=-pass-through=-lc -plugin-opt=-pass-through=-lgcc -plugin-opt=-pass-through=-lgcc_s --sysroot=/ --build-id --eh-frame-hdr -m elf_x86_64 --hash-style=gnu --as-needed -export-dynamic -dynamic-linker /lib64/ld-linux-x86-64.so.2 -z relro -o cmTC_aa738 /usr/lib/gcc/x86_64-linux-gnu/5/../../../x86_64-linux-gnu/crt1.o /usr/lib/gcc/x86_64-linux-gnu/5/../../../x86_64-linux-gnu/crti.o /usr/lib/gcc/x86_64-linux-gnu/5/crtbegin.o -L/usr/lib/gcc/x86_64-linux-gnu/5 -L/usr/lib/gcc/x86_64-linux-gnu/5/../../../x86_64-linux-gnu -L/usr/lib/gcc/x86_64-linux-gnu/5/../../../../lib -L/lib/x86_64-linux-gnu -L/lib/../lib -L/usr/lib/x86_64-linux-gnu -L/usr/lib/../lib -L/usr/lib/gcc/x86_64-linux-gnu/5/../../.. CMakeFiles/cmTC_aa738.dir/CMakeCCompilerABI.c.o -lgcc --as-needed -lgcc_s --no-as-needed -lc -lgcc --as-needed -lgcc_s --no-as-needed /usr/lib/gcc/x86_64-linux-gnu/5/crtend.o /usr/lib/gcc/x86_64-linux-gnu/5/../../../x86_64-linux-gnu/crtn.o
make[1]: Leaving directory '/home/sebastian/Programming/rip/CMakeFiles/CMakeTmp'


Parsed C implicit link information from above output:
  link line regex: [^( *|.*[/\])(ld|([^/\]+-)?ld|collect2)[^/\]*( |$)]
  ignore line: [Change Dir: /home/sebastian/Programming/rip/CMakeFiles/CMakeTmp]
  ignore line: []
  ignore line: [Run Build Command:"/usr/bin/make" "cmTC_aa738/fast"]
  ignore line: [/usr/bin/make -f CMakeFiles/cmTC_aa738.dir/build.make CMakeFiles/cmTC_aa738.dir/build]
  ignore line: [make[1]: Entering directory '/home/sebastian/Programming/rip/CMakeFiles/CMakeTmp']
  ignore line: [Building C object CMakeFiles/cmTC_aa738.dir/CMakeCCompilerABI.c.o]
  ignore line: [/usr/bin/cc     -o CMakeFiles/cmTC_aa738.dir/CMakeCCompilerABI.c.o   -c /usr/share/cmake-3.5/Modules/CMakeCCompilerABI.c]
  ignore line: [Linking C executable cmTC_aa738]
  ignore line: [/usr/bin/cmake -E cmake_link_script CMakeFiles/cmTC_aa738.dir/link.txt --verbose=1]
  ignore line: [/usr/bin/cc      -v CMakeFiles/cmTC_aa738.dir/CMakeCCompilerABI.c.o  -o cmTC_aa738 -rdynamic  ]
  ignore line: [Using built-in specs.]
  ignore line: [COLLECT_GCC=/usr/bin/cc]
  ignore line: [COLLECT_LTO_WRAPPER=/usr/lib/gcc/x86_64-linux-gnu/5/lto-wrapper]
  ignore line: [Target: x86_64-linux-gnu]
  ignore line: [Configured with: ../src/configure -v --with-pkgversion='Ubuntu 5.4.0-6ubuntu1~16.04.10' --with-bugurl=file:///usr/share/doc/gcc-5/README.Bugs --enable-languages=c,ada,c++,java,go,d,fortran,objc,obj-c++ --prefix=/usr --program-suffix=-5 --enable-shared --enable-linker-build-id --libexecdir=/usr/lib --without-included-gettext --enable-threads=posix --libdir=/usr/lib --enable-nls --with-sysroot=/ --enable-clocale=gnu --enable-libstdcxx-debug --enable-libstdcxx-time=yes --with-default-libstdcxx-abi=new --enable-gnu-unique-object --disable-vtable-verify --enable-libmpx --enable-plugin --with-system-zlib --disable-browser-plugin --enable-java-awt=gtk --enable-gtk-cairo --with-java-home=/usr/lib/jvm/java-1.5.0-gcj-5-amd64/jre --enable-java-home --with-jvm-root-dir=/usr/lib/jvm/java-1.5.0-gcj-5-amd64 --with-jvm-jar-dir=/usr/lib/jvm-exports/java-1.5.0-gcj-5-amd64 --with-arch-directory=amd64 --with-ecj-jar=/usr/share/java/eclipse-ecj.jar --enable-objc-gc --enable-multiarch --disable-werror --with-arch-32=i686 --with-abi=m64 --with-multilib-list=m32,m64,mx32 --enable-multilib --with-tune=generic --enable-checking=release --build=x86_64-linux-gnu --host=x86_64-linux-gnu --target=x86_64-linux-gnu]
  ignore line: [Thread model: posix]
  ignore line: [gcc version 5.4.0 20160609 (Ubuntu 5.4.0-6ubuntu1~16.04.10) ]
  ignore line: [COMPILER_PATH=/usr/lib/gcc/x86_64-linux-gnu/5/:/usr/lib/gcc/x86_64-linux-gnu/5/:/usr/lib/gcc/x86_64-linux-gnu/:/usr/lib/gcc/x86_64-linux-gnu/5/:/usr/lib/gcc/x86_64-linux-gnu/]
  ignore line: [LIBRARY_PATH=/usr/lib/gcc/x86_64-linux-gnu/5/:/usr/lib/gcc/x86_64-linux-gnu/5/../../../x86_64-linux-gnu/:/usr/lib/gcc/x86_64-linux-gnu/5/../../../../lib/:/lib/x86_64-linux-gnu/:/lib/../lib/:/usr/lib/x86_64-linux-gnu/:/usr/lib/../lib/:/usr/lib/gcc/x86_64-linux-gnu/5/../../../:/lib/:/usr/lib/]
  ignore line: [COLLECT_GCC_OPTIONS='-v' '-o' 'cmTC_aa738' '-rdynamic' '-mtune=generic' '-march=x86-64']
  link line: [ /usr/lib/gcc/x86_64-linux-gnu/5/collect2 -plugin /usr/lib/gcc/x86_64-linux-gnu/5/liblto_plugin.so -plugin-opt=/usr/lib/gcc/x86_64-linux-gnu/5/lto-wrapper -plugin-opt=-fresolution=/tmp/ccqwnEhb.res -plugin-opt=-pass-through=-lgcc -plugin-opt=-pass-through=-lgcc_s -plugin-opt=-pass-through=-lc -plugin-opt=-pass-through=-lgcc -plugin-opt=-pass-through=-lgcc_s --sysroot=/ --build-id --eh-frame-hdr -m elf_x86_64 --hash-style=gnu --as-needed -export-dynamic -dynamic-linker /lib64/ld-linux-x86-64.so.2 -z relro -o cmTC_aa738 /usr/lib/gcc/x86_64-linux-gnu/5/../../../x86_64-linux-gnu/crt1.o /usr/lib/gcc/x86_64-linux-gnu/5/../../../x86_64-linux-gnu/crti.o /usr/lib/gcc/x86_64-linux-gnu/5/crtbegin.o -L/usr/lib/gcc/x86_64-linux-gnu/5 -L/usr/lib/gcc/x86_64-linux-gnu/5/../../../x86_64-linux-gnu -L/usr/lib/gcc/x86_64-linux-gnu/5/../../../../lib -L/lib/x86_64-linux-gnu -L/lib/../lib -L/usr/lib/x86_64-linux-gnu -L/usr/lib/../lib -L/usr/lib/gcc/x86_64-linux-gnu/5/../../.. CMakeFiles/cmTC_aa738.dir/CMakeCCompilerABI.c.o -lgcc --as-needed -lgcc_s --no-as-needed -lc -lgcc --as-needed -lgcc_s --no-as-needed /usr/lib/gcc/x86_64-linux-gnu/5/crtend.o /usr/lib/gcc/x86_64-linux-gnu/5/../../../x86_64-linux-gnu/crtn.o]
    arg [/usr/lib/gcc/x86_64-linux-gnu/5/collect2] ==> ignore
    arg [-plugin] ==> ignore
    arg [/usr/lib/gcc/x86_64-linux-gnu/5/liblto_plugin.so] ==> ignore
    arg [-plugin-opt=/usr/lib/gcc/x86_64-linux-gnu/5/lto-wrapper] ==> ignore
    arg [-plugin-opt=-fresolution=/tmp/ccqwnEhb.res] ==> ignore
    arg [-plugin-opt=-pass-through=-lgcc] ==> ignore
    arg [-plugin-opt=-pass-through=-lgcc_s] ==> ignore
    arg [-plugin-opt=-pass-through=-lc] ==> ignore
    arg [-plugin-opt=-pass-through=-lgcc] ==> ignore
    arg [-plugin-opt=-pass-through=-lgcc_s] ==> ignore
    arg [--sysroot=/] ==> ignore
    arg [--build-id] ==> ignore
    arg [--eh-frame-hdr] ==> ignore
    arg [-m] ==> ignore
    arg [elf_x86_64] ==> ignore
    arg [--hash-style=gnu] ==> ignore
    arg [--as-needed] ==> ignore
    arg [-export-dynamic] ==> ignore
    arg [-dynamic-linker] ==> ignore
    arg [/lib64/ld-linux-x86-64.so.2] ==> ignore
    arg [-zrelro] ==> ignore
    arg [-o] ==> ignore
    arg [cmTC_aa738] ==> ignore
    arg [/usr/lib/gcc/x86_64-linux-gnu/5/../../../x86_64-linux-gnu/crt1.o] ==> ignore
    arg [/usr/lib/gcc/x86_64-linux-gnu/5/../../../x86_64-linux-gnu/crti.o] ==> ignore
    arg [/usr/lib/gcc/x86_64-linux-gnu/5/crtbegin.o] ==> ignore
    arg [-L/usr/lib/gcc/x86_64-linux-gnu/5] ==> dir [/usr/lib/gcc/x86_64-linux-gnu/5]
    arg [-L/usr/lib/gcc/x86_64-linux-gnu/5/../../../x86_64-linux-gnu] ==> dir [/usr/lib/gcc/x86_64-linux-gnu/5/../../../x86_64-linux-gnu]
    arg [-L/usr/lib/gcc/x86_64-linux-gnu/5/../../../../lib] ==> dir [/usr/lib/gcc/x86_64-linux-gnu/5/../../../../lib]
    arg [-L/lib/x86_64-linux-gnu] ==> dir [/lib/x86_64-linux-gnu]
    arg [-L/lib/../lib] ==> dir [/lib/../lib]
    arg [-L/usr/lib/x86_64-linux-gnu] ==> dir [/usr/lib/x86_64-linux-gnu]
    arg [-L/usr/lib/../lib] ==> dir [/usr/lib/../lib]
    arg [-L/usr/lib/gcc/x86_64-linux-gnu/5/../../..] ==> dir [/usr/lib/gcc/x86_64-linux-gnu/5/../../..]
    arg [CMakeFiles/cmTC_aa738.dir/CMakeCCompilerABI.c.o] ==> ignore
    arg [-lgcc] ==> lib [gcc]
    arg [--as-needed] ==> ignore
    arg [-lgcc_s] ==> lib [gcc_s]
    arg [--no-as-needed] ==> ignore
    arg [-lc] ==> lib [c]
    arg [-lgcc] ==> lib [gcc]
    arg [--as-needed] ==> ignore
    arg [-lgcc_s] ==> lib [gcc_s]
    arg [--no-as-needed] ==> ignore
    arg [/usr/lib/gcc/x86_64-linux-gnu/5/crtend.o] ==> ignore
    arg [/usr/lib/gcc/x86_64-linux-gnu/5/../../../x86_64-linux-gnu/crtn.o] ==> ignore
  remove lib [gcc]
  remove lib [gcc_s]
  remove lib [gcc]
  remove lib [gcc_s]
  collapse library dir [/usr/lib/gcc/x86_64-linux-gnu/5] ==> [/usr/lib/gcc/x86_64-linux-gnu/5]
  collapse library dir [/usr/lib/gcc/x86_64-linux-gnu/5/../../../x86_64-linux-gnu] ==> [/usr/lib/x86_64-linux-gnu]
  collapse library dir [/usr/lib/gcc/x86_64-linux-gnu/5/../../../../lib] ==> [/usr/lib]
  collapse library dir [/lib/x86_64-linux-gnu] ==> [/lib/x86_64-linux-gnu]
  collapse library dir [/lib/../lib] ==> [/lib]
  collapse library dir [/usr/lib/x86_64-linux-gnu] ==> [/usr/lib/x86_64-linux-gnu]
  collapse library dir [/usr/lib/../lib] ==> [/usr/lib]
  collapse library dir [/usr/lib/gcc/x86_64-linux-gnu/5/../../..] ==> [/usr/lib]
  implicit libs: [c]
  implicit dirs: [/usr/lib/gcc/x86_64-linux-gnu/5;/usr/lib/x86_64-linux-gnu;/usr/lib;/lib/x86_64-linux-gnu;/lib]
  implicit fwks: []




Detecting C [-std=c11] compiler features compiled with the following output:
Change Dir: /home/sebastian/Programming/rip/CMakeFiles/CMakeTmp

Run Build Command:"/usr/bin/make" "cmTC_09032/fast"
/usr/bin/make -f CMakeFiles/cmTC_09032.dir/build.make CMakeFiles/cmTC_09032.dir/build
make[1]: Entering directory '/home/sebastian/Programming/rip/CMakeFiles/CMakeTmp'
Building C object CMakeFiles/cmTC_09032.dir/feature_tests.c.o
/usr/bin/cc    -std=c11 -o CMakeFiles/cmTC_09032.dir/feature_tests.c.o   -c /home/sebastian/Programming/rip/CMakeFiles/feature_tests.c
Linking C executable cmTC_09032
/usr/bin/cmake -E cmake_link_script CMakeFiles/cmTC_09032.dir/link.txt --verbose=1
/usr/bin/cc       CMakeFiles/cmTC_09032.dir/feature_tests.c.o  -o cmTC_09032 -rdynamic 
make[1]: Leaving directory '/home/sebastian/Programming/rip/CMakeFiles/CMakeTmp'


    Feature record: C_FEATURE:1c_function_prototypes
    Feature record: C_FEATURE:1c_restrict
    Feature record: C_FEATURE:1c_static_assert
    Feature record: C_FEATURE:1c_variadic_macros


Detecting C [-std=c99] compiler features compiled with the following output:
Change Dir: /home/sebastian/Programming/rip/CMakeFiles/CMakeTmp

Run Build Command:"/usr/bin/make" "cmTC_86b01/fast"
/usr/bin/make -f CMakeFiles/cmTC_86b01.dir/build.make CMakeFiles/cmTC_86b01.dir/build
make[1]: Entering directory '/home/sebastian/Programming/rip/CMakeFiles/CMakeTmp'
Building C object CMakeFiles/cmTC_86b01.dir/feature_tests.c.o
/usr/bin/cc    -std=c99 -o CMakeFiles/cmTC_86b01.dir/feature_tests.c.o   -c /home/sebastian/Programming/rip/CMakeFiles/feature_tests.c
Linking C executable cmTC_86b01
/usr/bin/cmake -E cmake_link_script CMakeFiles/cmTC_86b01.dir/link.txt --verbose=1
/usr/bin/cc       CMakeFiles/cmTC_86b01.dir/feature_tests.c.o  -o cmTC_86b01 -rdynamic 
make[1]: Leaving directory '/home/sebastian/Programming/rip/CMakeFiles/CMakeTmp'


    Feature record: C_FEATURE:1c_function_prototypes
    Feature record: C_FEATURE:1c_restrict
    Feature record: C_FEATURE:0c_static_assert
    Feature record: C_FEATURE:1c_variadic_macros


Detecting C [-std=c90] compiler features compiled with the following output:
Change Dir: /home/sebastian/Programming/rip/CMakeFiles/CMakeTmp

Run Build Command:"/usr/bin/make" "cmTC_56f33/fast"
/usr/bin/make -f CMakeFiles/cmTC_56f33.dir/build.make CMakeFiles/cmTC_56f33.dir/build
make[1]: Entering directory '/home/sebastian/Programming/rip/CMakeFiles/CMakeTmp'
Building C object CMakeFiles/cmTC_56f33.dir/feature_tests.c.o
/usr/bin/cc    -std=c90 -o CMakeFiles/cmTC_56f33.dir/feature_tests.c.o   -c /home/sebastian/Programming/rip/CMakeFiles/feature_tests.c
Linking C executable cmTC_56f33
/usr/bin/cmake -E cmake_link_script CMakeFiles/cmTC_56f33.dir/link.txt --verbose=1
/usr/bin/cc       CMakeFiles/cmTC_56f33.dir/feature_tests.c.o  -o cmTC_56f33 -rdynamic 
make[1]: Leaving directory '/home/sebastian/Programming/rip/CMakeFiles/CMakeTmp'


    Feature record: C_FEATURE:1c_function_prototypes
    Feature record: C_FEATURE:0c_restrict
    Feature record: C_FEATURE:0c_static_assert
    Feature record: C_FEATURE:0c_variadic_macros
Determining if the CXX compiler works passed with the following output:
Change Dir: /home/sebastian/Programming/rip/CMakeFiles/CMakeTmp

Run Build Command:"/usr/bin/make" "cmTC_8e6a9/fast"
/usr/bin/make -f CMakeFiles/cmTC_8e6a9.dir/build.make CMakeFiles/cmTC_8e6a9.dir/build
make[1]: Entering directory '/home/sebastian/Programming/rip/CMakeFiles/CMakeTmp'
Building CXX object CMakeFiles/cmTC_8e6a9.dir/testCXXCompiler.cxx.o
/usr/bin/c++      -o CMakeFiles/cmTC_8e6a9.dir/testCXXCompiler.cxx.o -c /home/sebastian/Programming/rip/CMakeFiles/CMakeTmp/testCXXCompiler.cxx
Linking CXX executable cmTC_8e6a9
/usr/bin/cmake -E cmake_link_script CMakeFiles/cmTC_8e6a9.dir/link.txt --verbose=1
/usr/bin/c++        CMakeFiles/cmTC_8e6a9.dir/testCXXCompiler.cxx.o  -o cmTC_8e6a9 -rdynamic 
make[1]: Leaving directory '/home/sebastian/Programming/rip/CMakeFiles/CMakeTmp'


Detecting CXX compiler ABI info compiled with the following output:
Change Dir: /home/sebastian/Programming/rip/CMakeFiles/CMakeTmp

Run Build Command:"/usr/bin/make" "cmTC_6ae4b/fast"
/usr/bin/make -f CMakeFiles/cmTC_6ae4b.dir/build.make CMakeFiles/cmTC_6ae4b.dir/build
make[1]: Entering directory '/home/sebastian/Programming/rip/CMakeFiles/CMakeTmp'
Building CXX object CMakeFiles/cmTC_6ae4b.dir/CMakeCXXCompilerABI.cpp.o
/usr/bin/c++      -o CMakeFiles/cmTC_6ae4b.dir/CMakeCXXCompilerABI.cpp.o -c /usr/share/cmake-3.5/Modules/CMakeCXXCompilerABI.cpp
Linking CXX executable cmTC_6ae4b
/usr/bin/cmake -E cmake_link_script CMakeFiles/cmTC_6ae4b.dir/link.txt --verbose=1
/usr/bin/c++       -v CMakeFiles/cmTC_6ae4b.dir/CMakeCXXCompilerABI.cpp.o  -o cmTC_6ae4b -rdynamic  
Using built-in specs.
COLLECT_GCC=/usr/bin/c++
COLLECT_LTO_WRAPPER=/usr/lib/gcc/x86_64-linux-gnu/5/lto-wrapper
Target: x86_64-linux-gnu
Configured with: ../src/configure -v --with-pkgversion='Ubuntu 5.4.0-6ubuntu1~16.04.10' --with-bugurl=file:///usr/share/doc/gcc-5/README.Bugs --enable-languages=c,ada,c++,java,go,d,fortran,objc,obj-c++ --prefix=/usr --program-suffix=-5 --enable-shared --enable-linker-build-id --libexecdir=/usr/lib --without-included-gettext --enable-threads=posix --libdir=/usr/lib --enable-nls --with-sysroot=/ --enable-clocale=gnu --enable-libstdcxx-debug --enable-libstdcxx-time=yes --with-default-libstdcxx-abi=new --enable-gnu-unique-object --disable-vtable-verify --enable-libmpx --enable-plugin --with-system-zlib --disable-browser-plugin --enable-java-awt=gtk --enable-gtk-cairo --with-java-home=/usr/lib/jvm/java-1.5.0-gcj-5-amd64/jre --enable-java-home --with-jvm-root-dir=/usr/lib/jvm/java-1.5.0-gcj-5-amd64 --with-jvm-jar-dir=/usr/lib/jvm-exports/java-1.5.0-gcj-5-amd64 --with-arch-directory=amd64 --with-ecj-jar=/usr/share/java/eclipse-ecj.jar --enable-objc-gc --enable-multiarch --disable-werror --with-arch-32=i686 --with-abi=m64 --with-multilib-list=m32,m64,mx32 --enable-multilib --with-tune=generic --enable-checking=release --build=x86_64-linux-gnu --host=x86_64-linux-gnu --target=x86_64-linux-gnu
Thread model: posix
gcc version 5.4.0 20160609 (Ubuntu 5.4.0-6ubuntu1~16.04.10) 
COMPILER_PATH=/usr/lib/gcc/x86_64-linux-gnu/5/:/usr/lib/gcc/x86_64-linux-gnu/5/:/usr/lib/gcc/x86_64-linux-gnu/:/usr/lib/gcc/x86_64-linux-gnu/5/:/usr/lib/gcc/x86_64-linux-gnu/
LIBRARY_PATH=/usr/lib/gcc/x86_64-linux-gnu/5/:/usr/lib/gcc/x86_64-linux-gnu/5/../../../x86_64-linux-gnu/:/usr/lib/gcc/x86_64-linux-gnu/5/../../../../lib/:/lib/x86_64-linux-gnu/:/lib/../lib/:/usr/lib/x86_64-linux-gnu/:/usr/lib/../lib/:/usr/lib/gcc/x86_64-linux-gnu/5/../../../:/lib/:/usr/lib/
COLLECT_GCC_OPTIONS='-v' '-o' 'cmTC_6ae4b' '-rdynamic' '-shared-libgcc' '-mtune=generic' '-march=x86-64'
 /usr/lib/gcc/x86_64-linux-gnu/5/collect2 -plugin /usr/lib/gcc/x86_64-linux-gnu/5/liblto_plugin.so -plugin-opt=/usr/lib/gcc/x86_64-linux-gnu/5/lto-wrapper -plugin-opt=-fresolution=/tmp/cczBg37Z.res -plugin-opt=-pass-through=-lgcc_s -plugin-opt=-pass-through=-lgcc -plugin-opt=-pass-through=-lc -plugin-opt=-pass-through=-lgcc_s -plugin-opt=-pass-through=-lgcc --sysroot=/ --build-id --eh-frame-hdr -m elf_x86_64 --hash-style=gnu --as-needed -export-dynamic -dynamic-linker /lib64/ld-linux-x86-64.so.2 -z relro -o cmTC_6ae4b /usr/lib/gcc/x86_64-linux-gnu/5/../../../x86_64-linux-gnu/crt1.o /usr/lib/gcc/x86_64-linux-gnu/5/../../../x86_64-linux-gnu/crti.o /usr/lib/gcc/x86_64-linux-gnu/5/crtbegin.o -L/usr/lib/gcc/x86_64-linux-gnu/5 -L/usr/lib/gcc/x86_64-linux-gnu/5/../../../x86_64-linux-gnu -L/usr/lib/gcc/x86_64-linux-gnu/5/../../../../lib -L/lib/x86_64-linux-gnu -L/lib/../lib -L/usr/lib/x86_64-linux-gnu -L/usr/lib/../lib -L/usr/lib/gcc/x86_64-linux-gnu/5/../../.. CMakeFiles/cmTC_6ae4b.dir/CMakeCXXCompilerABI.cpp.o -lstdc++ -lm -lgcc_s -lgcc -lc -lgcc_s -lgcc /usr/lib/gcc/x86_64-linux-gnu/5/crtend.o /usr/lib/gcc/x86_64-linux-gnu/5/../../../x86_64-linux-gnu/crtn.o
make[1]: Leaving directory '/home/sebastian/Programming/rip/CMakeFiles/CMakeTmp'


Parsed CXX implicit link information from above output:
  link line regex: [^( *|.*[/\])(ld|([^/\]+-)?ld|collect2)[^/\]*( |$)]
  ignore line: [Change Dir: /home/sebastian/Programming/rip/CMakeFiles/CMakeTmp]
  ignore line: []
  ignore line: [Run Build Command:"/usr/bin/make" "cmTC_6ae4b/fast"]
  ignore line: [/usr/bin/make -f CMakeFiles/cmTC_6ae4b.dir/build.make CMakeFiles/cmTC_6ae4b.dir/build]
  ignore line: [make[1]: Entering directory '/home/sebastian/Programming/rip/CMakeFiles/CMakeTmp']
  ignore line: [Building CXX object CMakeFiles/cmTC_6ae4b.dir/CMakeCXXCompilerABI.cpp.o]
  ignore line: [/usr/bin/c++      -o CMakeFiles/cmTC_6ae4b.dir/CMakeCXXCompilerABI.cpp.o -c /usr/share/cmake-3.5/Modules/CMakeCXXCompilerABI.cpp]
  ignore line: [Linking CXX executable cmTC_6ae4b]
  ignore line: [/usr/bin/cmake -E cmake_link_script CMakeFiles/cmTC_6ae4b.dir/link.txt --verbose=1]
  ignore line: [/usr/bin/c++       -v CMakeFiles/cmTC_6ae4b.dir/CMakeCXXCompilerABI.cpp.o  -o cmTC_6ae4b -rdynamic  ]
  ignore line: [Using built-in specs.]
  ignore line: [COLLECT_GCC=/usr/bin/c++]
  ignore line: [COLLECT_LTO_WRAPPER=/usr/lib/gcc/x86_64-linux-gnu/5/lto-wrapper]
  ignore line: [Target: x86_64-linux-gnu]
  ignore line: [Configured with: ../src/configure -v --with-pkgversion='Ubuntu 5.4.0-6ubuntu1~16.04.10' --with-bugurl=file:///usr/share/doc/gcc-5/README.Bugs --enable-languages=c,ada,c++,java,go,d,fortran,objc,obj-c++ --prefix=/usr --program-suffix=-5 --enable-shared --enable-linker-build-id --libexecdir=/usr/lib --without-included-gettext --enable-threads=posix --libdir=/usr/lib --enable-nls --with-sysroot=/ --enable-clocale=gnu --enable-libstdcxx-debug --enable-libstdcxx-time=yes --with-default-libstdcxx-abi=new --enable-gnu-unique-object --disable-vtable-verify --enable-libmpx --enable-plugin --with-system-zlib --disable-browser-plugin --enable-java-awt=gtk --enable-gtk-cairo --with-java-home=/usr/lib/jvm/java-1.5.0-gcj-5-amd64/jre --enable-java-home --with-jvm-root-dir=/usr/lib/jvm/java-1.5.0-gcj-5-amd64 --with-jvm-jar-dir=/usr/lib/jvm-exports/java-1.5.0-gcj-5-amd64 --with-arch-directory=amd64 --with-ecj-jar=/usr/share/java/eclipse-ecj.jar --enable-objc-gc --enable-multiarch --disable-werror --with-arch-32=i686 --with-abi=m64 --with-multilib-list=m32,m64,mx32 --enable-multilib --with-tune=generic --enable-checking=release --build=x86_64-linux-gnu --host=x86_64-linux-gnu --target=x86_64-linux-gnu]
  ignore line: [Thread model: posix]
  ignore line: [gcc version 5.4.0 20160609 (Ubuntu 5.4.0-6ubuntu1~16.04.10) ]
  ignore line: [COMPILER_PATH=/usr/lib/gcc/x86_64-linux-gnu/5/:/usr/lib/gcc/x86_64-linux-gnu/5/:/usr/lib/gcc/x86_64-linux-gnu/:/usr/lib/gcc/x86_64-linux-gnu/5/:/usr/lib/gcc/x86_64-linux-gnu/]
  ignore line: [LIBRARY_PATH=/usr/lib/gcc/x86_64-linux-gnu/5/:/usr/lib/gcc/x86_64-linux-gnu/5/../../../x86_64-linux-gnu/:/usr/lib/gcc/x86_64-linux-gnu/5/../../../../lib/:/lib/x86_64-linux-gnu/:/lib/../lib/:/usr/lib/x86_64-linux-gnu/:/usr/lib/../lib/:/usr/lib/gcc/x86_64-linux-gnu/5/../../../:/lib/:/usr/lib/]
  ignore line: [COLLECT_GCC_OPTIONS='-v' '-o' 'cmTC_6ae4b' '-rdynamic' '-shared-libgcc' '-mtune=generic' '-march=x86-64']
  link line: [ /usr/lib/gcc/x86_64-linux-gnu/5/collect2 -plugin /usr/lib/gcc/x86_64-linux-gnu/5/liblto_plugin.so -plugin-opt=/usr/lib/gcc/x86_64-linux-gnu/5/lto-wrapper -plugin-opt=-fresolution=/tmp/cczBg37Z.res -plugin-opt=-pass-through=-lgcc_s -plugin-opt=-pass-through=-lgcc -plugin-opt=-pass-through=-lc -plugin-opt=-pass-through=-lgcc_s -plugin-opt=-pass-through=-lgcc --sysroot=/ --build-id --eh-frame-hdr -m elf_x86_64 --hash-style=gnu --as-needed -export-dynamic -dynamic-linker /lib64/ld-linux-x86-64.so.2 -z relro -o cmTC_6ae4b /usr/lib/gcc/x86_64-linux-gnu/5/../../../x86_64-linux-gnu/crt1.o /usr/lib/gcc/x86_64-linux-gnu/5/../../../x86_64-linux-gnu/crti.o /usr/lib/gcc/x86_64-linux-gnu/5/crtbegin.o -L/usr/lib/gcc/x86_64-linux-gnu/5 -L/usr/lib/gcc/x86_64-linux-gnu/5/../../../x86_64-linux-gnu -L/usr/lib/gcc/x86_64-linux-gnu/5/../../../../lib -L/lib/x86_64-linux-gnu -L/lib/../lib -L/usr/lib/x86_64-linux-gnu -L/usr/lib/../lib -L/usr/lib/gcc/x86_64-linux-gnu/5/../../.. CMakeFiles/cmTC_6ae4b.dir/CMakeCXXCompilerABI.cpp.o -lstdc++ -lm -lgcc_s -lgcc -lc -lgcc_s -lgcc /usr/lib/gcc/x86_64-linux-gnu/5/crtend.o /usr/lib/gcc/x86_64-linux-gnu/5/../../../x86_64-linux-gnu/crtn.o]
    arg [/usr/lib/gcc/x86_64-linux-gnu/5/collect2] ==> ignore
    arg [-plugin] ==> ignore
    arg [/usr/lib/gcc/x86_64-linux-gnu/5/liblto_plugin.so] ==> ignore
    arg [-plugin-opt=/usr/lib/gcc/x86_64-linux-gnu/5/lto-wrapper] ==> ignore
    arg [-plugin-opt=-fresolution=/tmp/cczBg37Z.res] ==> ignore
    arg [-plugin-opt=-pass-through=-lgcc_s] ==> ignore
    arg [-plugin-opt=-pass-through=-lgcc] ==> ignore
    arg [-plugin-opt=-pass-through=-lc] ==> ignore
    arg [-plugin-opt=-pass-through=-lgcc_s] ==> ignore
    arg [-plugin-opt=-pass-through=-lgcc] ==> ignore
    arg [--sysroot=/] ==> ignore
    arg [--build-id] ==> ignore
    arg [--eh-frame-hdr] ==> ignore
    arg [-m] ==> ignore
    arg [elf_x86_64] ==> ignore
    arg [--hash-style=gnu] ==> ignore
    arg [--as-needed] ==> ignore
    arg [-export-dynamic] ==> ignore
    arg [-dynamic-linker] ==> ignore
    arg [/lib64/ld-linux-x86-64.so.2] ==> ignore
    arg [-zrelro] ==> ignore
    arg [-o] ==> ignore
    arg [cmTC_6ae4b] ==> ignore
    arg [/usr/lib/gcc/x86_64-linux-gnu/5/../../../x86_64-linux-gnu/crt1.o] ==> ignore
    arg [/usr/lib/gcc/x86_64-linux-gnu/5/../../../x86_64-linux-gnu/crti.o] ==> ignore
    arg [/usr/lib/gcc/x86_64-linux-gnu/5/crtbegin.o] ==> ignore
    arg [-L/usr/lib/gcc/x86_64-linux-gnu/5] ==> dir [/usr/lib/gcc/x86_64-linux-gnu/5]
    arg [-L/usr/lib/gcc/x86_64-linux-gnu/5/../../../x86_64-linux-gnu] ==> dir [/usr/lib/gcc/x86_64-linux-gnu/5/../../../x86_64-linux-gnu]
    arg [-L/usr/lib/gcc/x86_64-linux-gnu/5/../../../../lib] ==> dir [/usr/lib/gcc/x86_64-linux-gnu/5/../../../../lib]
    arg [-L/lib/x86_64-linux-gnu] ==> dir [/lib/x86_64-linux-gnu]
    arg [-L/lib/../lib] ==> dir [/lib/../lib]
    arg [-L/usr/lib/x86_64-linux-gnu] ==> dir [/usr/lib/x86_64-linux-gnu]
    arg [-L/usr/lib/../lib] ==> dir [/usr/lib/../lib]
    arg [-L/usr/lib/gcc/x86_64-linux-gnu/5/../../..] ==> dir [/usr/lib/gcc/x86_64-linux-gnu/5/../../..]
    arg [CMakeFiles/cmTC_6ae4b.dir/CMakeCXXCompilerABI.cpp.o] ==> ignore
    arg [-lstdc++] ==> lib [stdc++]
    arg [-lm] ==> lib [m]
    arg [-lgcc_s] ==> lib [gcc_s]
    arg [-lgcc] ==> lib [gcc]
    arg [-lc] ==> lib [c]
    arg [-lgcc_s] ==> lib [gcc_s]
    arg [-lgcc] ==> lib [gcc]
    arg [/usr/lib/gcc/x86_64-linux-gnu/5/crtend.o] ==> ignore
    arg [/usr/lib/gcc/x86_64-linux-gnu/5/../../../x86_64-linux-gnu/crtn.o] ==> ignore
  remove lib [gcc_s]
  remove lib [gcc]
  remove lib [gcc_s]
  remove lib [gcc]
  collapse library dir [/usr/lib/gcc/x86_64-linux-gnu/5] ==> [/usr/lib/gcc/x86_64-linux-gnu/5]
  collapse library dir [/usr/lib/gcc/x86_64-linux-gnu/5/../../../x86_64-linux-gnu] ==> [/usr/lib/x86_64-linux-gnu]
  collapse library dir [/usr/lib/gcc/x86_64-linux-gnu/5/../../../../lib] ==> [/usr/lib]
  collapse library dir [/lib/x86_64-linux-gnu] ==> [/lib/x86_64-linux-gnu]
  collapse library dir [/lib/../lib] ==> [/lib]
  collapse library dir [/usr/lib/x86_64-linux-gnu] ==> [/usr/lib/x86_64-linux-gnu]
  collapse library dir [/usr/lib/../lib] ==> [/usr/lib]
  collapse library dir [/usr/lib/gcc/x86_64-linux-gnu/5/../../..] ==> [/usr/lib]
  implicit libs: [stdc++;m;c]
  implicit dirs: [/usr/lib/gcc/x86_64-linux-gnu/5;/usr/lib/x86_64-linux-gnu;/usr/lib;/lib/x86_64-linux-gnu;/lib]
  implicit fwks: []




Detecting CXX [-std=c++14] compiler features compiled with the following output:
Change Dir: /home/sebastian/Programming/rip/CMakeFiles/CMakeTmp

Run Build Command:"/usr/bin/make" "cmTC_8f463/fast"
/usr/bin/make -f CMakeFiles/cmTC_8f463.dir/build.make CMakeFiles/cmTC_8f463.dir/build
make[1]: Entering directory '/home/sebastian/Programming/rip/CMakeFiles/CMakeTmp'
Building CXX object CMakeFiles/cmTC_8f463.dir/feature_tests.cxx.o
/usr/bin/c++     -std=c++14 -o CMakeFiles/cmTC_8f463.dir/feature_tests.cxx.o -c /home/sebastian/Programming/rip/CMakeFiles/feature_tests.cxx
Linking CXX executable cmTC_8f463
/usr/bin/cmake -E cmake_link_script CMakeFiles/cmTC_8f463.dir/link.txt --verbose=1
/usr/bin/c++        CMakeFiles/cmTC_8f463.dir/feature_tests.cxx.o  -o cmTC_8f463 -rdynamic 
make[1]: Leaving directory '/home/sebastian/Programming/rip/CMakeFiles/CMakeTmp'


    Feature record: CXX_FEATURE:1cxx_aggregate_default_initializers
    Feature record: CXX_FEATURE:1cxx_alias_templates
    Feature record: CXX_FEATURE:1cxx_alignas
    Feature record: CXX_FEATURE:1cxx_alignof
    Feature record: CXX_FEATURE:1cxx_attributes
    Feature record: CXX_FEATURE:1cxx_attribute_deprecated
    Feature record: CXX_FEATURE:1cxx_auto_type
    Feature record: CXX_FEATURE:1cxx_binary_literals
    Feature record: CXX_FEATURE:1cxx_constexpr
    Feature record: CXX_FEATURE:1cxx_contextual_conversions
    Feature record: CXX_FEATURE:1cxx_decltype
    Feature record: CXX_FEATURE:1cxx_decltype_auto
    Feature record: CXX_FEATURE:1cxx_decltype_incomplete_return_types
    Feature record: CXX_FEATURE:1cxx_default_function_template_args
    Feature record: CXX_FEATURE:1cxx_defaulted_functions
    Feature record: CXX_FEATURE:1cxx_defaulted_move_initializers
    Feature record: CXX_FEATURE:1cxx_delegating_constructors
    Feature record: CXX_FEATURE:1cxx_deleted_functions
    Feature record: CXX_FEATURE:1cxx_digit_separators
    Feature record: CXX_FEATURE:1cxx_enum_forward_declarations
    Feature record: CXX_FEATURE:1cxx_explicit_conversions
    Feature record: CXX_FEATURE:1cxx_extended_friend_declarations
    Feature record: CXX_FEATURE:1cxx_extern_templates
    Feature record: CXX_FEATURE:1cxx_final
    Feature record: CXX_FEATURE:1cxx_func_identifier
    Feature record: CXX_FEATURE:1cxx_generalized_initializers
    Feature record: CXX_FEATURE:1cxx_generic_lambdas
    Feature record: CXX_FEATURE:1cxx_inheriting_constructors
    Feature record: CXX_FEATURE:1cxx_inline_namespaces
    Feature record: CXX_FEATURE:1cxx_lambdas
    Feature record: CXX_FEATURE:1cxx_lambda_init_captures
    Feature record: CXX_FEATURE:1cxx_local_type_template_args
    Feature record: CXX_FEATURE:1cxx_long_long_type
    Feature record: CXX_FEATURE:1cxx_noexcept
    Feature record: CXX_FEATURE:1cxx_nonstatic_member_init
    Feature record: CXX_FEATURE:1cxx_nullptr
    Feature record: CXX_FEATURE:1cxx_override
    Feature record: CXX_FEATURE:1cxx_range_for
    Feature record: CXX_FEATURE:1cxx_raw_string_literals
    Feature record: CXX_FEATURE:1cxx_reference_qualified_functions
    Feature record: CXX_FEATURE:1cxx_relaxed_constexpr
    Feature record: CXX_FEATURE:1cxx_return_type_deduction
    Feature record: CXX_FEATURE:1cxx_right_angle_brackets
    Feature record: CXX_FEATURE:1cxx_rvalue_references
    Feature record: CXX_FEATURE:1cxx_sizeof_member
    Feature record: CXX_FEATURE:1cxx_static_assert
    Feature record: CXX_FEATURE:1cxx_strong_enums
    Feature record: CXX_FEATURE:1cxx_template_template_parameters
    Feature record: CXX_FEATURE:1cxx_thread_local
    Feature record: CXX_FEATURE:1cxx_trailing_return_types
    Feature record: CXX_FEATURE:1cxx_unicode_literals
    Feature record: CXX_FEATURE:1cxx_uniform_initialization
    Feature record: CXX_FEATURE:1cxx_unrestricted_unions
    Feature record: CXX_FEATURE:1cxx_user_literals
    Feature record: CXX_FEATURE:1cxx_variable_templates
    Feature record: CXX_FEATURE:1cxx_variadic_macros
    Feature record: CXX_FEATURE:1cxx_variadic_templates


Detecting CXX [-std=c++11] compiler features compiled with the following output:
Change Dir: /home/sebastian/Programming/rip/CMakeFiles/CMakeTmp

Run Build Command:"/usr/bin/make" "cmTC_75bec/fast"
/usr/bin/make -f CMakeFiles/cmTC_75bec.dir/build.make CMakeFiles/cmTC_75bec.dir/build
make[1]: Entering directory '/home/sebastian/Programming/rip/CMakeFiles/CMakeTmp'
Building CXX object CMakeFiles/cmTC_75bec.dir/feature_tests.cxx.o
/usr/bin/c++     -std=c++11 -o CMakeFiles/cmTC_75bec.dir/feature_tests.cxx.o -c /home/sebastian/Programming/rip/CMakeFiles/feature_tests.cxx
Linking CXX executable cmTC_75bec
/usr/bin/cmake -E cmake_link_script CMakeFiles/cmTC_75bec.dir/link.txt --verbose=1
/usr/bin/c++        CMakeFiles/cmTC_75bec.dir/feature_tests.cxx.o  -o cmTC_75bec -rdynamic 
make[1]: Leaving directory '/home/sebastian/Programming/rip/CMakeFiles/CMakeTmp'


    Feature record: CXX_FEATURE:0cxx_aggregate_default_initializers
    Feature record: CXX_FEATURE:1cxx_alias_templates
    Feature record: CXX_FEATURE:1cxx_alignas
    Feature record: CXX_FEATURE:1cxx_alignof
    Feature record: CXX_FEATURE:1cxx_attributes
    Feature record: CXX_FEATURE:0cxx_attribute_deprecated
    Feature record: CXX_FEATURE:1cxx_auto_type
    Feature record: CXX_FEATURE:0cxx_binary_literals
    Feature record: CXX_FEATURE:1cxx_constexpr
    Feature record: CXX_FEATURE:0cxx_contextual_conversions
    Feature record: CXX_FEATURE:1cxx_decltype
    Feature record: CXX_FEATURE:0cxx_decltype_auto
    Feature record: CXX_FEATURE:1cxx_decltype_incomplete_return_types
    Feature record: CXX_FEATURE:1cxx_default_function_template_args
    Feature record: CXX_FEATURE:1cxx_defaulted_functions
    Feature record: CXX_FEATURE:1cxx_defaulted_move_initializers
    Feature record: CXX_FEATURE:1cxx_delegating_constructors
    Feature record: CXX_FEATURE:1cxx_deleted_functions
    Feature record: CXX_FEATURE:0cxx_digit_separators
    Feature record: CXX_FEATURE:1cxx_enum_forward_declarations
    Feature record: CXX_FEATURE:1cxx_explicit_conversions
    Feature record: CXX_FEATURE:1cxx_extended_friend_declarations
    Feature record: CXX_FEATURE:1cxx_extern_templates
    Feature record: CXX_FEATURE:1cxx_final
    Feature record: CXX_FEATURE:1cxx_func_identifier
    Feature record: CXX_FEATURE:1cxx_generalized_initializers
    Feature record: CXX_FEATURE:0cxx_generic_lambdas
    Feature record: CXX_FEATURE:1cxx_inheriting_constructors
    Feature record: CXX_FEATURE:1cxx_inline_namespaces
    Feature record: CXX_FEATURE:1cxx_lambdas
    Feature record: CXX_FEATURE:0cxx_lambda_init_captures
    Feature record: CXX_FEATURE:1cxx_local_type_template_args
    Feature record: CXX_FEATURE:1cxx_long_long_type
    Feature record: CXX_FEATURE:1cxx_noexcept
    Feature record: CXX_FEATURE:1cxx_nonstatic_member_init
    Feature record: CXX_FEATURE:1cxx_nullptr
    Feature record: CXX_FEATURE:1cxx_override
    Feature record: CXX_FEATURE:1cxx_range_for
    Feature record: CXX_FEATURE:1cxx_raw_string_literals
    Feature record: CXX_FEATURE:1cxx_reference_qualified_functions
    Feature record: CXX_FEATURE:0cxx_relaxed_constexpr
    Feature record: CXX_FEATURE:0cxx_return_type_deduction
    Feature record: CXX_FEATURE:1cxx_right_angle_brackets
    Feature record: CXX_FEATURE:1cxx_rvalue_references
    Feature record: CXX_FEATURE:1cxx_sizeof_member
    Feature record: CXX_FEATURE:1cxx_static_assert
    Feature record: CXX_FEATURE:1cxx_strong_enums
    Feature record: CXX_FEATURE:1cxx_template_template_parameters
    Feature record: CXX_FEATURE:1cxx_thread_local
    Feature record: CXX_FEATURE:1cxx_trailing_return_types
    Feature record: CXX_FEATURE:1cxx_unicode_literals
    Feature record: CXX_FEATURE:1cxx_uniform_initialization
    Feature record: CXX_FEATURE:1cxx_unrestricted_unions
    Feature record: CXX_FEATURE:1cxx_user_literals
    Feature record: CXX_FEATURE:0cxx_variable_templates
    Feature record: CXX_FEATURE:1cxx_variadic_macros
    Feature record: CXX_FEATURE:1cxx_variadic_templates


Detecting CXX [-std=c++98] compiler features compiled with the following output:
Change Dir: /home/sebastian/Programming/rip/CMakeFiles/CMakeTmp

Run Build Command:"/usr/bin/make" "cmTC_a1a03/fast"
/usr/bin/make -f CMakeFiles/cmTC_a1a03.dir/build.make CMakeFiles/cmTC_a1a03.dir/build
make[1]: Entering directory '/home/sebastian/Programming/rip/CMakeFiles/CMakeTmp'
Building CXX object CMakeFiles/cmTC_a1a03.dir/feature_tests.cxx.o
/usr/bin/c++     -std=c++98 -o CMakeFiles/cmTC_a1a03.dir/feature_tests.cxx.o -c /home/sebastian/Programming/rip/CMakeFiles/feature_tests.cxx
Linking CXX executable cmTC_a1a03
/usr/bin/cmake -E cmake_link_script CMakeFiles/cmTC_a1a03.dir/link.txt --verbose=1
/usr/bin/c++        CMakeFiles/cmTC_a1a03.dir/feature_tests.cxx.o  -o cmTC_a1a03 -rdynamic 
make[1]: Leaving directory '/home/sebastian/Programming/rip/CMakeFiles/CMakeTmp'


    Feature record: CXX_FEATURE:0cxx_aggregate_default_initializers
    Feature record: CXX_FEATURE:0cxx_alias_templates
    Feature record: CXX_FEATURE:0cxx_alignas
    Feature record: CXX_FEATURE:0cxx_alignof
    Feature record: CXX_FEATURE:0cxx_attributes
    Feature record: CXX_FEATURE:0cxx_attribute_deprecated
    Feature record: CXX_FEATURE:0cxx_auto_type
    Feature record: CXX_FEATURE:0cxx_binary_literals
    Feature record: CXX_FEATURE:0cxx_constexpr
    Feature record: CXX_FEATURE:0cxx_contextual_conversions
    Feature record: CXX_FEATURE:0cxx_decltype
    Feature record: CXX_FEATURE:0cxx_decltype_auto
    Feature record: CXX_FEATURE:0cxx_decltype_incomplete_return_types
    Feature record: CXX_FEATURE:0cxx_default_function_template_args
    Feature record: CXX_FEATURE:0cxx_defaulted_functions
    Feature record: CXX_FEATURE:0cxx_defaulted_move_initializers
    Feature record: CXX_FEATURE:0cxx_delegating_constructors
    Feature record: CXX_FEATURE:0cxx_deleted_functions
    Feature record: CXX_FEATURE:0cxx_digit_separators
    Feature record: CXX_FEATURE:0cxx_enum_forward_declarations
    Feature record: CXX_FEATURE:0cxx_explicit_conversions
    Feature record: CXX_FEATURE:0cxx_extended_friend_declarations
    Feature record: CXX_FEATURE:0cxx_extern_templates
    Feature record: CXX_FEATURE:0cxx_final
    Feature record: CXX_FEATURE:0cxx_func_identifier
    Feature record: CXX_FEATURE:0cxx_generalized_initializers
    Feature record: CXX_FEATURE:0cxx_generic_lambdas
    Feature record: CXX_FEATURE:0cxx_inheriting_constructors
    Feature record: CXX_FEATURE:0cxx_inline_namespaces
    Feature record: CXX_FEATURE:0cxx_lambdas
    Feature record: CXX_FEATURE:0cxx_lambda_init_captures
    Feature record: CXX_FEATURE:0cxx_local_type_template_args
    Feature record: CXX_FEATURE:0cxx_long_long_type
    Feature record: CXX_FEATURE:0cxx_noexcept
    Feature record: CXX_FEATURE:0cxx_nonstatic_member_init
    Feature record: CXX_FEATURE:0cxx_nullptr
    Feature record: CXX_FEATURE:0cxx_override
    Feature record: CXX_FEATURE:0cxx_range_for
    Feature record: CXX_FEATURE:0cxx_raw_string_literals
    Feature record: CXX_FEATURE:0cxx_reference_qualified_functions
    Feature record: CXX_FEATURE:0cxx_relaxed_constexpr
    Feature record: CXX_FEATURE:0cxx_return_type_deduction
    Feature record: CXX_FEATURE:0cxx_right_angle_brackets
    Feature record: CXX_FEATURE:0cxx_rvalue_references
    Feature record: CXX_FEATURE:0cxx_sizeof_member
    Feature record: CXX_FEATURE:0cxx_static_assert
    Feature record: CXX_FEATURE:0cxx_strong_enums
    Feature record: CXX_FEATURE:1cxx_template_template_parameters
    Feature record: CXX_FEATURE:0cxx_thread_local
    Feature record: CXX_FEATURE:0cxx_trailing_return_types
    Feature record: CXX_FEATURE:0cxx_unicode_literals
    Feature record: CXX_FEATURE:0cxx_uniform_initialization
    Feature record: CXX_FEATURE:0cxx_unrestricted_unions
    Feature record: CXX_FEATURE:0cxx_user_literals
    Feature record: CXX_FEATURE:0cxx_variable_templates
    Feature record: CXX_FEATURE:0cxx_variadic_macros
    Feature record: CXX_FEATURE:0cxx_variadic_templates
Performing C++ SOURCE FILE Test HAVE_STD_CPP11_FLAG succeeded with the following output:
Change Dir: /home/sebastian/Programming/rip/CMakeFiles/CMakeTmp

Run Build Command:"/usr/bin/make" "cmTC_4f244/fast"
/usr/bin/make -f CMakeFiles/cmTC_4f244.dir/build.make CMakeFiles/cmTC_4f244.dir/build
make[1]: Entering directory '/home/sebastian/Programming/rip/CMakeFiles/CMakeTmp'
Building CXX object CMakeFiles/cmTC_4f244.dir/src.cxx.o
/usr/bin/c++     -Wno-psabi -fdiagnostics-color=always -DHAVE_STD_CPP11_FLAG   -std=c++11 -o CMakeFiles/cmTC_4f244.dir/src.cxx.o -c /home/sebastian/Programming/rip/CMakeFiles/CMakeTmp/src.cxx
Linking CXX executable cmTC_4f244
/usr/bin/cmake -E cmake_link_script CMakeFiles/cmTC_4f244.dir/link.txt --verbose=1
/usr/bin/c++    -Wno-psabi -fdiagnostics-color=always -DHAVE_STD_CPP11_FLAG    CMakeFiles/cmTC_4f244.dir/src.cxx.o  -o cmTC_4f244 -rdynamic 
make[1]: Leaving directory '/home/sebastian/Programming/rip/CMakeFiles/CMakeTmp'

Source file was:
int main() { return 0; }
Performing C++ SOURCE FILE Test FMT_CPP11_CMATH succeeded with the following output:
Change Dir: /home/sebastian/Programming/rip/CMakeFiles/CMakeTmp

Run Build Command:"/usr/bin/make" "cmTC_153fe/fast"
/usr/bin/make -f CMakeFiles/cmTC_153fe.dir/build.make CMakeFiles/cmTC_153fe.dir/build
make[1]: Entering directory '/home/sebastian/Programming/rip/CMakeFiles/CMakeTmp'
Building CXX object CMakeFiles/cmTC_153fe.dir/src.cxx.o
/usr/bin/c++     -Wno-psabi -fdiagnostics-color=always -DFMT_CPP11_CMATH -std=c++11 -O3   -o CMakeFiles/cmTC_153fe.dir/src.cxx.o -c /home/sebastian/Programming/rip/CMakeFiles/CMakeTmp/src.cxx
Linking CXX executable cmTC_153fe
/usr/bin/cmake -E cmake_link_script CMakeFiles/cmTC_153fe.dir/link.txt --verbose=1
/usr/bin/c++    -Wno-psabi -fdiagnostics-color=always -DFMT_CPP11_CMATH -std=c++11 -O3    CMakeFiles/cmTC_153fe.dir/src.cxx.o  -o cmTC_153fe -rdynamic 
make[1]: Leaving directory '/home/sebastian/Programming/rip/CMakeFiles/CMakeTmp'

Source file was:

      #include <cmath>
      int main() {}
Performing C++ SOURCE FILE Test FMT_CPP11_UNISTD_H succeeded with the following output:
Change Dir: /home/sebastian/Programming/rip/CMakeFiles/CMakeTmp

Run Build Command:"/usr/bin/make" "cmTC_d00dd/fast"
/usr/bin/make -f CMakeFiles/cmTC_d00dd.dir/build.make CMakeFiles/cmTC_d00dd.dir/build
make[1]: Entering directory '/home/sebastian/Programming/rip/CMakeFiles/CMakeTmp'
Building CXX object CMakeFiles/cmTC_d00dd.dir/src.cxx.o
/usr/bin/c++     -Wno-psabi -fdiagnostics-color=always -DFMT_CPP11_UNISTD_H -std=c++11 -O3   -o CMakeFiles/cmTC_d00dd.dir/src.cxx.o -c /home/sebastian/Programming/rip/CMakeFiles/CMakeTmp/src.cxx
Linking CXX executable cmTC_d00dd
/usr/bin/cmake -E cmake_link_script CMakeFiles/cmTC_d00dd.dir/link.txt --verbose=1
/usr/bin/c++    -Wno-psabi -fdiagnostics-color=always -DFMT_CPP11_UNISTD_H -std=c++11 -O3    CMakeFiles/cmTC_d00dd.dir/src.cxx.o  -o cmTC_d00dd -rdynamic 
make[1]: Leaving directory '/home/sebastian/Programming/rip/CMakeFiles/CMakeTmp'

Source file was:

      #include <unistd.h>
      int main() {}
Performing C++ SOURCE FILE Test FMT_CPP11_SNPRINTF succeeded with the following output:
Change Dir: /home/sebastian/Programming/rip/CMakeFiles/CMakeTmp

Run Build Command:"/usr/bin/make" "cmTC_3021e/fast"
/usr/bin/make -f CMakeFiles/cmTC_3021e.dir/build.make CMakeFiles/cmTC_3021e.dir/build
make[1]: Entering directory '/home/sebastian/Programming/rip/CMakeFiles/CMakeTmp'
Building CXX object CMakeFiles/cmTC_3021e.dir/src.cxx.o
/usr/bin/c++     -Wno-psabi -fdiagnostics-color=always -DFMT_CPP11_SNPRINTF -std=c++11 -O3   -o CMakeFiles/cmTC_3021e.dir/src.cxx.o -c /home/sebastian/Programming/rip/CMakeFiles/CMakeTmp/src.cxx
Linking CXX executable cmTC_3021e
/usr/bin/cmake -E cmake_link_script CMakeFiles/cmTC_3021e.dir/link.txt --verbose=1
/usr/bin/c++    -Wno-psabi -fdiagnostics-color=always -DFMT_CPP11_SNPRINTF -std=c++11 -O3    CMakeFiles/cmTC_3021e.dir/src.cxx.o  -o cmTC_3021e -rdynamic 
make[1]: Leaving directory '/home/sebastian/Programming/rip/CMakeFiles/CMakeTmp'

Source file was:

      #include <stdio.h>
      int main() {
        char buffer[10];
        snprintf(buffer, 10, "foo");
      }
Performing C++ SOURCE FILE Test SUPPORTS_VARIADIC_TEMPLATES succeeded with the following output:
Change Dir: /home/sebastian/Programming/rip/CMakeFiles/CMakeTmp

Run Build Command:"/usr/bin/make" "cmTC_9aff6/fast"
/usr/bin/make -f CMakeFiles/cmTC_9aff6.dir/build.make CMakeFiles/cmTC_9aff6.dir/build
make[1]: Entering directory '/home/sebastian/Programming/rip/CMakeFiles/CMakeTmp'
Building CXX object CMakeFiles/cmTC_9aff6.dir/src.cxx.o
/usr/bin/c++     -Wno-psabi -fdiagnostics-color=always -DSUPPORTS_VARIADIC_TEMPLATES   -o CMakeFiles/cmTC_9aff6.dir/src.cxx.o -c /home/sebastian/Programming/rip/CMakeFiles/CMakeTmp/src.cxx
[01m[K/home/sebastian/Programming/rip/CMakeFiles/CMakeTmp/src.cxx:2:28:[m[K [01;35m[Kwarning: [m[Kvariadic templates only available with -std=c++11 or -std=gnu++11
   template <class T, class ...Types>
[01;32m[K                            ^[m[K
Linking CXX executable cmTC_9aff6
/usr/bin/cmake -E cmake_link_script CMakeFiles/cmTC_9aff6.dir/link.txt --verbose=1
/usr/bin/c++    -Wno-psabi -fdiagnostics-color=always -DSUPPORTS_VARIADIC_TEMPLATES    CMakeFiles/cmTC_9aff6.dir/src.cxx.o  -o cmTC_9aff6 -rdynamic 
make[1]: Leaving directory '/home/sebastian/Programming/rip/CMakeFiles/CMakeTmp'

Source file was:

  template <class T, class ...Types>
  struct S { typedef typename S<Types...>::type type; };
  int main() {}
Performing C++ SOURCE FILE Test SUPPORTS_ENUM_BASE succeeded with the following output:
Change Dir: /home/sebastian/Programming/rip/CMakeFiles/CMakeTmp

Run Build Command:"/usr/bin/make" "cmTC_0df92/fast"
/usr/bin/make -f CMakeFiles/cmTC_0df92.dir/build.make CMakeFiles/cmTC_0df92.dir/build
make[1]: Entering directory '/home/sebastian/Programming/rip/CMakeFiles/CMakeTmp'
Building CXX object CMakeFiles/cmTC_0df92.dir/src.cxx.o
/usr/bin/c++     -Wno-psabi -fdiagnostics-color=always -DSUPPORTS_ENUM_BASE   -o CMakeFiles/cmTC_0df92.dir/src.cxx.o -c /home/sebastian/Programming/rip/CMakeFiles/CMakeTmp/src.cxx
[01m[K/home/sebastian/Programming/rip/CMakeFiles/CMakeTmp/src.cxx:2:12:[m[K [01;35m[Kwarning: [m[Kscoped enums only available with -std=c++11 or -std=gnu++11
   enum C : char {A};
[01;32m[K            ^[m[K
Linking CXX executable cmTC_0df92
/usr/bin/cmake -E cmake_link_script CMakeFiles/cmTC_0df92.dir/link.txt --verbose=1
/usr/bin/c++    -Wno-psabi -fdiagnostics-color=always -DSUPPORTS_ENUM_BASE    CMakeFiles/cmTC_0df92.dir/src.cxx.o  -o cmTC_0df92 -rdynamic 
make[1]: Leaving directory '/home/sebastian/Programming/rip/CMakeFiles/CMakeTmp'

Source file was:

  enum C : char {A};
  int main() {}
Performing C++ SOURCE FILE Test SUPPORTS_USER_DEFINED_LITERALS succeeded with the following output:
Change Dir: /home/sebastian/Programming/rip/CMakeFiles/CMakeTmp

Run Build Command:"/usr/bin/make" "cmTC_e6a62/fast"
/usr/bin/make -f CMakeFiles/cmTC_e6a62.dir/build.make CMakeFiles/cmTC_e6a62.dir/build
make[1]: Entering directory '/home/sebastian/Programming/rip/CMakeFiles/CMakeTmp'
Building CXX object CMakeFiles/cmTC_e6a62.dir/src.cxx.o
/usr/bin/c++     -Wno-psabi -fdiagnostics-color=always -DSUPPORTS_USER_DEFINED_LITERALS   -o CMakeFiles/cmTC_e6a62.dir/src.cxx.o -c /home/sebastian/Programming/rip/CMakeFiles/CMakeTmp/src.cxx
[01m[K/home/sebastian/Programming/rip/CMakeFiles/CMakeTmp/src.cxx:2:8:[m[K [01;35m[Kwarning: [m[Kuser-defined literals only available with -std=c++11 or -std=gnu++11
   void operator"" _udl(long double);
[01;32m[K        ^[m[K
[01m[K/home/sebastian/Programming/rip/CMakeFiles/CMakeTmp/src.cxx:2:8:[m[K [01;35m[Kwarning: [m[Kuser-defined literals only available with -std=c++11 or -std=gnu++11
Linking CXX executable cmTC_e6a62
/usr/bin/cmake -E cmake_link_script CMakeFiles/cmTC_e6a62.dir/link.txt --verbose=1
/usr/bin/c++    -Wno-psabi -fdiagnostics-color=always -DSUPPORTS_USER_DEFINED_LITERALS    CMakeFiles/cmTC_e6a62.dir/src.cxx.o  -o cmTC_e6a62 -rdynamic 
make[1]: Leaving directory '/home/sebastian/Programming/rip/CMakeFiles/CMakeTmp'

Source file was:

  void operator"" _udl(long double);
  int main() {}
Determining if the open exist passed with the following output:
Change Dir: /home/sebastian/Programming/rip/CMakeFiles/CMakeTmp

Run Build Command:"/usr/bin/make" "cmTC_e8e9a/fast"
/usr/bin/make -f CMakeFiles/cmTC_e8e9a.dir/build.make CMakeFiles/cmTC_e8e9a.dir/build
make[1]: Entering directory '/home/sebastian/Programming/rip/CMakeFiles/CMakeTmp'
Building C object CMakeFiles/cmTC_e8e9a.dir/CheckSymbolExists.c.o
/usr/bin/cc     -o CMakeFiles/cmTC_e8e9a.dir/CheckSymbolExists.c.o   -c /home/sebastian/Programming/rip/CMakeFiles/CMakeTmp/CheckSymbolExists.c
Linking C executable cmTC_e8e9a
/usr/bin/cmake -E cmake_link_script CMakeFiles/cmTC_e8e9a.dir/link.txt --verbose=1
/usr/bin/cc       CMakeFiles/cmTC_e8e9a.dir/CheckSymbolExists.c.o  -o cmTC_e8e9a -rdynamic 
make[1]: Leaving directory '/home/sebastian/Programming/rip/CMakeFiles/CMakeTmp'

File /home/sebastian/Programming/rip/CMakeFiles/CMakeTmp/CheckSymbolExists.c:
/* */
#include <fcntl.h>

int main(int argc, char** argv)
{
  (void)argv;
#ifndef open
  return ((int*)(&open))[argc];
#else
  (void)argc;
  return 0;
#endif
}

Performing C++ SOURCE FILE Test COMPILER_HAS_HIDDEN_VISIBILITY succeeded with the following output:
Change Dir: /home/sebastian/Programming/rip/CMakeFiles/CMakeTmp

Run Build Command:"/usr/bin/make" "cmTC_d83e4/fast"
/usr/bin/make -f CMakeFiles/cmTC_d83e4.dir/build.make CMakeFiles/cmTC_d83e4.dir/build
make[1]: Entering directory '/home/sebastian/Programming/rip/CMakeFiles/CMakeTmp'
Building CXX object CMakeFiles/cmTC_d83e4.dir/src.cxx.o
/usr/bin/c++     -Wno-psabi -fdiagnostics-color=always -DCOMPILER_HAS_HIDDEN_VISIBILITY   -fvisibility=hidden -o CMakeFiles/cmTC_d83e4.dir/src.cxx.o -c /home/sebastian/Programming/rip/CMakeFiles/CMakeTmp/src.cxx
Linking CXX executable cmTC_d83e4
/usr/bin/cmake -E cmake_link_script CMakeFiles/cmTC_d83e4.dir/link.txt --verbose=1
/usr/bin/c++    -Wno-psabi -fdiagnostics-color=always -DCOMPILER_HAS_HIDDEN_VISIBILITY    CMakeFiles/cmTC_d83e4.dir/src.cxx.o  -o cmTC_d83e4 -rdynamic 
make[1]: Leaving directory '/home/sebastian/Programming/rip/CMakeFiles/CMakeTmp'

Source file was:
int main() { return 0; }
Performing C++ SOURCE FILE Test COMPILER_HAS_HIDDEN_INLINE_VISIBILITY succeeded with the following output:
Change Dir: /home/sebastian/Programming/rip/CMakeFiles/CMakeTmp

Run Build Command:"/usr/bin/make" "cmTC_3a4fb/fast"
/usr/bin/make -f CMakeFiles/cmTC_3a4fb.dir/build.make CMakeFiles/cmTC_3a4fb.dir/build
make[1]: Entering directory '/home/sebastian/Programming/rip/CMakeFiles/CMakeTmp'
Building CXX object CMakeFiles/cmTC_3a4fb.dir/src.cxx.o
/usr/bin/c++     -Wno-psabi -fdiagnostics-color=always -DCOMPILER_HAS_HIDDEN_INLINE_VISIBILITY   -fvisibility-inlines-hidden -o CMakeFiles/cmTC_3a4fb.dir/src.cxx.o -c /home/sebastian/Programming/rip/CMakeFiles/CMakeTmp/src.cxx
Linking CXX executable cmTC_3a4fb
/usr/bin/cmake -E cmake_link_script CMakeFiles/cmTC_3a4fb.dir/link.txt --verbose=1
/usr/bin/c++    -Wno-psabi -fdiagnostics-color=always -DCOMPILER_HAS_HIDDEN_INLINE_VISIBILITY    CMakeFiles/cmTC_3a4fb.dir/src.cxx.o  -o cmTC_3a4fb -rdynamic 
make[1]: Leaving directory '/home/sebastian/Programming/rip/CMakeFiles/CMakeTmp'

Source file was:
int main() { return 0; }
Performing C++ SOURCE FILE Test COMPILER_HAS_DEPRECATED_ATTR succeeded with the following output:
Change Dir: /home/sebastian/Programming/rip/CMakeFiles/CMakeTmp

Run Build Command:"/usr/bin/make" "cmTC_dc932/fast"
/usr/bin/make -f CMakeFiles/cmTC_dc932.dir/build.make CMakeFiles/cmTC_dc932.dir/build
make[1]: Entering directory '/home/sebastian/Programming/rip/CMakeFiles/CMakeTmp'
Building CXX object CMakeFiles/cmTC_dc932.dir/src.cxx.o
/usr/bin/c++     -Wno-psabi -fdiagnostics-color=always -DCOMPILER_HAS_DEPRECATED_ATTR   -o CMakeFiles/cmTC_dc932.dir/src.cxx.o -c /home/sebastian/Programming/rip/CMakeFiles/CMakeTmp/src.cxx
[01m[K/home/sebastian/Programming/rip/CMakeFiles/CMakeTmp/src.cxx:[m[K In function ‘[01m[Kint main()[m[K’:
[01m[K/home/sebastian/Programming/rip/CMakeFiles/CMakeTmp/src.cxx:2:25:[m[K [01;35m[Kwarning: [m[K‘[01m[Kint somefunc()[m[K’ is deprecated [-Wdeprecated-declarations]
     int main() { return somefunc();}
[01;32m[K                         ^[m[K
[01m[K/home/sebastian/Programming/rip/CMakeFiles/CMakeTmp/src.cxx:1:37:[m[K [01;36m[Knote: [m[Kdeclared here
 __attribute__((__deprecated__)) int somefunc() { return 0; }
[01;32m[K                                     ^[m[K
[01m[K/home/sebastian/Programming/rip/CMakeFiles/CMakeTmp/src.cxx:2:25:[m[K [01;35m[Kwarning: [m[K‘[01m[Kint somefunc()[m[K’ is deprecated [-Wdeprecated-declarations]
     int main() { return somefunc();}
[01;32m[K                         ^[m[K
[01m[K/home/sebastian/Programming/rip/CMakeFiles/CMakeTmp/src.cxx:1:37:[m[K [01;36m[Knote: [m[Kdeclared here
 __attribute__((__deprecated__)) int somefunc() { return 0; }
[01;32m[K                                     ^[m[K
[01m[K/home/sebastian/Programming/rip/CMakeFiles/CMakeTmp/src.cxx:2:34:[m[K [01;35m[Kwarning: [m[K‘[01m[Kint somefunc()[m[K’ is deprecated [-Wdeprecated-declarations]
     int main() { return somefunc();}
[01;32m[K                                  ^[m[K
[01m[K/home/sebastian/Programming/rip/CMakeFiles/CMakeTmp/src.cxx:1:37:[m[K [01;36m[Knote: [m[Kdeclared here
 __attribute__((__deprecated__)) int somefunc() { return 0; }
[01;32m[K                                     ^[m[K
Linking CXX executable cmTC_dc932
/usr/bin/cmake -E cmake_link_script CMakeFiles/cmTC_dc932.dir/link.txt --verbose=1
/usr/bin/c++    -Wno-psabi -fdiagnostics-color=always -DCOMPILER_HAS_DEPRECATED_ATTR    CMakeFiles/cmTC_dc932.dir/src.cxx.o  -o cmTC_dc932 -rdynamic 
make[1]: Leaving directory '/home/sebastian/Programming/rip/CMakeFiles/CMakeTmp'

Source file was:
__attribute__((__deprecated__)) int somefunc() { return 0; }
    int main() { return somefunc();}
